2022-12-12 09:22:30.585+0000 WARN  Use of deprecated setting 'dbms.memory.pagecache.size'. It is replaced by 'server.memory.pagecache.size'.
2022-12-12 09:22:30.590+0000 WARN  Use of deprecated setting 'dbms.memory.heap.max_size'. It is replaced by 'server.memory.heap.max_size'.
2022-12-12 09:22:30.591+0000 INFO  Starting...
2022-12-12 09:22:30.846+0000 INFO  This instance is ServerId{5394fa2e} (5394fa2e-f5c4-4ea3-80d5-eda7f5e8fb1a)
2022-12-12 09:22:31.237+0000 INFO  ======== Neo4j 5.2.0 ========
2022-12-12 09:22:32.504+0000 INFO  Bolt enabled on 0.0.0.0:7687.
2022-12-12 09:22:32.836+0000 INFO  Remote interface available at http://localhost:7474/
2022-12-12 09:22:32.839+0000 INFO  id: 7E023FF211B74EF9DEF734D6539D03362F1AD3EE05DF1E3C88B3A875EFCB61F2
2022-12-12 09:22:32.840+0000 INFO  name: system
2022-12-12 09:22:32.841+0000 INFO  creationDate: 2022-12-12T09:22:31.592Z
2022-12-12 09:22:32.842+0000 INFO  Started.
2022-12-12 09:23:39.890+0000 INFO  Neo4j Server shutdown initiated by request
2022-12-12 09:23:39.899+0000 INFO  Stopping...
2022-12-12 11:14:54.763+0000 WARN  Use of deprecated setting 'dbms.memory.pagecache.size'. It is replaced by 'server.memory.pagecache.size'.
2022-12-12 11:14:54.766+0000 WARN  Use of deprecated setting 'dbms.memory.heap.max_size'. It is replaced by 'server.memory.heap.max_size'.
2022-12-12 11:14:54.768+0000 INFO  Starting...
2022-12-12 11:14:55.034+0000 INFO  This instance is ServerId{5394fa2e} (5394fa2e-f5c4-4ea3-80d5-eda7f5e8fb1a)
2022-12-12 11:14:55.499+0000 INFO  ======== Neo4j 5.2.0 ========
2022-12-12 11:14:56.681+0000 INFO  Bolt enabled on 0.0.0.0:7687.
2022-12-12 11:14:57.115+0000 INFO  Remote interface available at http://localhost:7474/
2022-12-12 11:14:57.118+0000 INFO  id: 7E023FF211B74EF9DEF734D6539D03362F1AD3EE05DF1E3C88B3A875EFCB61F2
2022-12-12 11:14:57.120+0000 INFO  name: system
2022-12-12 11:14:57.121+0000 INFO  creationDate: 2022-12-12T09:22:31.592Z
2022-12-12 11:14:57.121+0000 INFO  Started.
2022-12-12 11:15:11.902+0000 WARN  The client is unauthorized due to authentication failure.
2022-12-12 11:15:11.932+0000 WARN  The client is unauthorized due to authentication failure.
2022-12-12 11:15:11.949+0000 WARN  The client is unauthorized due to authentication failure.
2022-12-12 11:15:11.980+0000 WARN  The client has provided incorrect authentication details too many times in a row.
2022-12-12 11:15:17.967+0000 WARN  The client is unauthorized due to authentication failure.
2022-12-12 11:15:17.994+0000 WARN  The client has provided incorrect authentication details too many times in a row.
2022-12-12 11:15:27.738+0000 WARN  The client is unauthorized due to authentication failure.
2022-12-12 11:15:27.780+0000 WARN  The client has provided incorrect authentication details too many times in a row.
2022-12-12 17:16:22.035+0000 INFO  Neo4j Server shutdown initiated by request
2022-12-12 17:16:22.039+0000 INFO  Stopping...
2022-12-12 17:16:42.988+0000 WARN  Use of deprecated setting 'dbms.memory.pagecache.size'. It is replaced by 'server.memory.pagecache.size'.
2022-12-12 17:16:42.992+0000 WARN  Use of deprecated setting 'dbms.memory.heap.max_size'. It is replaced by 'server.memory.heap.max_size'.
2022-12-12 17:16:42.994+0000 INFO  Starting...
2022-12-12 17:16:43.258+0000 INFO  This instance is ServerId{5394fa2e} (5394fa2e-f5c4-4ea3-80d5-eda7f5e8fb1a)
2022-12-12 17:16:43.670+0000 INFO  ======== Neo4j 5.2.0 ========
2022-12-12 17:16:44.820+0000 INFO  Bolt enabled on 0.0.0.0:7687.
2022-12-12 17:16:45.247+0000 INFO  Remote interface available at http://localhost:7474/
2022-12-12 17:16:45.251+0000 INFO  id: 7E023FF211B74EF9DEF734D6539D03362F1AD3EE05DF1E3C88B3A875EFCB61F2
2022-12-12 17:16:45.252+0000 INFO  name: system
2022-12-12 17:16:45.253+0000 INFO  creationDate: 2022-12-12T09:22:31.592Z
2022-12-12 17:16:45.254+0000 INFO  Started.
2022-12-13 15:55:51.846+0000 INFO  Neo4j Server shutdown initiated by request
2022-12-13 15:55:51.852+0000 INFO  Stopping...
2022-12-13 15:56:22.490+0000 WARN  Use of deprecated setting 'dbms.memory.pagecache.size'. It is replaced by 'server.memory.pagecache.size'.
2022-12-13 15:56:22.494+0000 WARN  Use of deprecated setting 'dbms.memory.heap.max_size'. It is replaced by 'server.memory.heap.max_size'.
2022-12-13 15:56:22.496+0000 INFO  Starting...
2022-12-13 15:56:22.735+0000 INFO  This instance is ServerId{5394fa2e} (5394fa2e-f5c4-4ea3-80d5-eda7f5e8fb1a)
2022-12-13 15:56:23.149+0000 INFO  ======== Neo4j 5.2.0 ========
2022-12-13 15:56:24.377+0000 INFO  Bolt enabled on 0.0.0.0:7687.
2022-12-13 15:56:24.797+0000 INFO  Remote interface available at http://localhost:7474/
2022-12-13 15:56:24.800+0000 INFO  id: 7E023FF211B74EF9DEF734D6539D03362F1AD3EE05DF1E3C88B3A875EFCB61F2
2022-12-13 15:56:24.802+0000 INFO  name: system
2022-12-13 15:56:24.803+0000 INFO  creationDate: 2022-12-12T09:22:31.592Z
2022-12-13 15:56:24.804+0000 INFO  Started.
2022-12-13 15:59:12.163+0000 INFO  Neo4j Server shutdown initiated by request
2022-12-13 15:59:12.173+0000 INFO  Stopping...
2022-12-13 15:59:18.838+0000 WARN  Use of deprecated setting 'dbms.memory.pagecache.size'. It is replaced by 'server.memory.pagecache.size'.
2022-12-13 15:59:18.841+0000 WARN  Use of deprecated setting 'dbms.memory.heap.max_size'. It is replaced by 'server.memory.heap.max_size'.
2022-12-13 15:59:18.843+0000 INFO  Starting...
2022-12-13 15:59:19.091+0000 INFO  This instance is ServerId{5394fa2e} (5394fa2e-f5c4-4ea3-80d5-eda7f5e8fb1a)
2022-12-13 15:59:19.488+0000 INFO  ======== Neo4j 5.2.0 ========
2022-12-13 15:59:20.403+0000 INFO  Bolt enabled on 0.0.0.0:7687.
2022-12-13 15:59:20.753+0000 INFO  Remote interface available at http://localhost:7474/
2022-12-13 15:59:20.758+0000 INFO  id: 7E023FF211B74EF9DEF734D6539D03362F1AD3EE05DF1E3C88B3A875EFCB61F2
2022-12-13 15:59:20.759+0000 INFO  name: system
2022-12-13 15:59:20.760+0000 INFO  creationDate: 2022-12-12T09:22:31.592Z
2022-12-13 15:59:20.761+0000 INFO  Started.
2022-12-13 16:06:17.628+0000 INFO  Neo4j Server shutdown initiated by request
2022-12-13 16:06:17.635+0000 INFO  Stopping...
